2024-10-22 08:54:52,252 [INFO] Activator:176 - 


2024-10-22 08:54:52,252 [INFO] Activator:177 - !SESSION log4j initialized
2024-10-22 08:54:54,136 [INFO] LogOutputStream:77 - [STDOUT_REDIRECT] 
2024-10-22 08:54:55,549 [INFO] ApplicationProperties:184 - Using Application install path: C:\ST\STM32CubeIDE_1.16.1\STM32CubeIDE\plugins\com.st.stm32cube.common.mx_6.12.1.202409122256
2024-10-22 08:54:55,564 [INFO] DbMcusXml:78 - Set database path to: C:\ST\STM32CubeIDE_1.16.1\STM32CubeIDE\plugins\com.st.stm32cube.common.mx_6.12.1.202409122256\\db\/mcu/
2024-10-22 08:54:55,565 [INFO] ApiDb:274 - Set plugin database path to: C:\ST\STM32CubeIDE_1.16.1\STM32CubeIDE\plugins\com.st.stm32cube.common.mx_6.12.1.202409122256\\db\/plugins/boardmanager/
2024-10-22 08:54:55,566 [WARN] ApiDb:259 - Overriding images path with different value:  => C:\ST\STM32CubeIDE_1.16.1\STM32CubeIDE\plugins\com.st.stm32cube.common.mx_6.12.1.202409122256\\db\/plugins/mcufinder/images/
2024-10-22 08:54:55,571 [INFO] ApiDb:250 - Set database path to: C:\Users\rai\.stmcufinder\plugins\mcufinder//mcu/
2024-10-22 08:54:55,572 [INFO] DbMcusAds:125 - Set database path to: C:\Users\rai\.stmcufinder\plugins\mcufinder//mcu/
2024-10-22 08:54:55,574 [INFO] CrossReferenceDbSqlite:203 - Set database path to: C:\Users\rai\.stmcufinder\plugins\mcufinder//mcu/cs/
2024-10-22 08:54:55,668 [INFO] RulesReader:64 - Compatibility file has been processed (297 Rules)
2024-10-22 08:54:55,721 [INFO] DbMcusXml:78 - Set database path to: C:\ST\STM32CubeIDE_1.16.1\STM32CubeIDE\plugins\com.st.stm32cube.common.mx_6.12.1.202409122256\\db\/mcu/
2024-10-22 08:54:55,722 [INFO] ApiDb:274 - Set plugin database path to: C:\ST\STM32CubeIDE_1.16.1\STM32CubeIDE\plugins\com.st.stm32cube.common.mx_6.12.1.202409122256\\db\/plugins/boardmanager/
2024-10-22 08:54:55,722 [INFO] ApiDb:261 - Set plugin images path to: C:\ST\STM32CubeIDE_1.16.1\STM32CubeIDE\plugins\com.st.stm32cube.common.mx_6.12.1.202409122256\\db\/plugins/mcufinder/images/
2024-10-22 08:54:55,722 [WARN] DbFile:41 - Overriding database path with different value: C:\Users\rai\.stmcufinder\plugins\mcufinder/ => C:\Users\rai\.stmcufinder\plugins\mcufinder
2024-10-22 08:54:55,722 [INFO] ApiDb:250 - Set database path to: C:\Users\rai\.stmcufinder\plugins\mcufinder//mcu/
2024-10-22 08:54:55,722 [WARN] DbFile:41 - Overriding database path with different value: C:\Users\rai\.stmcufinder\plugins\mcufinder/ => C:\Users\rai\.stmcufinder\plugins\mcufinder
2024-10-22 08:54:55,722 [INFO] DbMcusAds:125 - Set database path to: C:\Users\rai\.stmcufinder\plugins\mcufinder//mcu/
2024-10-22 08:54:55,722 [WARN] DbFile:41 - Overriding database path with different value: C:\Users\rai\.stmcufinder\plugins\mcufinder/ => C:\Users\rai\.stmcufinder\plugins\mcufinder
2024-10-22 08:54:55,723 [WARN] DbFile:41 - Overriding database path with different value: C:\Users\rai\.stmcufinder\plugins\mcufinder/ => C:\Users\rai\.stmcufinder\plugins\mcufinder
2024-10-22 08:54:55,723 [INFO] CrossReferenceDbSqlite:203 - Set database path to: C:\Users\rai\.stmcufinder\plugins\mcufinder//mcu/cs/
2024-10-22 08:54:55,795 [INFO] MainPanel:268 - HeapMemory: 268435456
2024-10-22 08:54:55,862 [INFO] DbMcusXml:78 - Set database path to: C:\ST\STM32CubeIDE_1.16.1\STM32CubeIDE\plugins\com.st.stm32cube.common.mx_6.12.1.202409122256\\db\/mcu/
2024-10-22 08:54:55,862 [INFO] ApiDb:274 - Set plugin database path to: C:\ST\STM32CubeIDE_1.16.1\STM32CubeIDE\plugins\com.st.stm32cube.common.mx_6.12.1.202409122256\\db\/plugins/boardmanager/
2024-10-22 08:54:55,862 [INFO] ApiDb:261 - Set plugin images path to: C:\ST\STM32CubeIDE_1.16.1\STM32CubeIDE\plugins\com.st.stm32cube.common.mx_6.12.1.202409122256\\db\/plugins/mcufinder/images/
2024-10-22 08:54:55,862 [WARN] DbFile:41 - Overriding database path with different value: C:\Users\rai\.stmcufinder\plugins\mcufinder/ => C:\Users\rai\.stmcufinder\plugins\mcufinder
2024-10-22 08:54:55,862 [INFO] ApiDb:250 - Set database path to: C:\Users\rai\.stmcufinder\plugins\mcufinder//mcu/
2024-10-22 08:54:55,862 [WARN] DbFile:41 - Overriding database path with different value: C:\Users\rai\.stmcufinder\plugins\mcufinder/ => C:\Users\rai\.stmcufinder\plugins\mcufinder
2024-10-22 08:54:55,863 [INFO] DbMcusAds:125 - Set database path to: C:\Users\rai\.stmcufinder\plugins\mcufinder//mcu/
2024-10-22 08:54:55,863 [WARN] DbFile:41 - Overriding database path with different value: C:\Users\rai\.stmcufinder\plugins\mcufinder/ => C:\Users\rai\.stmcufinder\plugins\mcufinder
2024-10-22 08:54:55,863 [WARN] DbFile:41 - Overriding database path with different value: C:\Users\rai\.stmcufinder\plugins\mcufinder/ => C:\Users\rai\.stmcufinder\plugins\mcufinder
2024-10-22 08:54:55,863 [INFO] CrossReferenceDbSqlite:203 - Set database path to: C:\Users\rai\.stmcufinder\plugins\mcufinder//mcu/cs/
2024-10-22 08:54:55,877 [INFO] ApplicationProperties:184 - Using Application install path: C:\ST\STM32CubeIDE_1.16.1\STM32CubeIDE\plugins\com.st.stm32cube.common.mx_6.12.1.202409122256
2024-10-22 08:54:55,879 [INFO] PluginManage:196 - Search for loadable plugins [exclusion list=, ]
2024-10-22 08:54:55,882 [INFO] PluginManage:310 - Check plugin analytics
2024-10-22 08:54:56,042 [INFO] AnalyticsPlugin:253 - Accepted Software Licenses: 
2024-10-22 08:54:56,043 [INFO] AnalyticsPlugin:255 - Accepted CMSIS Pack Licenses: 
2024-10-22 08:54:56,043 [INFO] AnalyticsPlugin:257 - Accepted Firmware Licenses: 
2024-10-22 08:54:56,044 [INFO] PluginManage:359 - Loaded plugin analytics (category:tool,tabindex:-1)
2024-10-22 08:54:56,044 [INFO] PluginManage:310 - Check plugin cadmodel
2024-10-22 08:54:56,048 [INFO] CADModel:105 - Init CAD model plugin
2024-10-22 08:54:56,049 [INFO] PluginManage:359 - Loaded plugin cadmodel (category:power,tabindex:5)
2024-10-22 08:54:56,049 [INFO] PluginManage:310 - Check plugin clock
2024-10-22 08:54:56,058 [INFO] PluginManage:359 - Loaded plugin clock (category:base,tabindex:2)
2024-10-22 08:54:56,058 [INFO] PluginManage:310 - Check plugin ddr
2024-10-22 08:54:56,060 [INFO] PluginManage:359 - Loaded plugin ddr (category:tool,tabindex:6)
2024-10-22 08:54:56,060 [INFO] PluginManage:310 - Check plugin filemanager
2024-10-22 08:54:56,200 [INFO] PluginManage:359 - Loaded plugin filemanager (category:base,tabindex:10)
2024-10-22 08:54:56,200 [INFO] PluginManage:310 - Check plugin ipmanager
2024-10-22 08:54:56,206 [INFO] PluginManage:359 - Loaded plugin ipmanager (category:base,tabindex:5)
2024-10-22 08:54:56,206 [INFO] PluginManage:310 - Check plugin lpbam
2024-10-22 08:54:56,213 [INFO] PluginManage:359 - Loaded plugin lpbam (category:base,tabindex:0)
2024-10-22 08:54:56,213 [INFO] PluginManage:310 - Check plugin memorymap
2024-10-22 08:54:56,243 [INFO] PluginManage:359 - Loaded plugin memorymap (category:base,tabindex:4)
2024-10-22 08:54:56,243 [INFO] PluginManage:310 - Check plugin pinoutandconfiguration
2024-10-22 08:54:56,251 [INFO] PluginManage:359 - Loaded plugin pinoutandconfiguration (category:base,tabindex:1)
2024-10-22 08:54:56,251 [INFO] PluginManage:310 - Check plugin pinoutconfig
2024-10-22 08:54:56,344 [WARN] SupportedApi:132 - Cannot load RTOS API schema: s4s-elt-must-match.1: The content of 'definitions' must match (annotation?, (simpleType | complexType)?, (unique | key | keyref)*)). A problem was found starting at: attribute.
2024-10-22 08:54:56,475 [INFO] PluginManage:359 - Loaded plugin pinoutconfig (category:base,tabindex:0)
2024-10-22 08:54:56,475 [INFO] PluginManage:310 - Check plugin power
2024-10-22 08:54:56,484 [INFO] PluginManage:359 - Loaded plugin power (category:power,tabindex:4)
2024-10-22 08:54:56,485 [INFO] PluginManage:310 - Check plugin projectmanager
2024-10-22 08:54:56,503 [INFO] PluginManage:359 - Loaded plugin projectmanager (category:projectmanager,tabindex:4)
2024-10-22 08:54:56,503 [INFO] PluginManage:310 - Check plugin rif
2024-10-22 08:54:56,508 [INFO] PluginManage:359 - Loaded plugin rif (category:base,tabindex:3)
2024-10-22 08:54:56,509 [INFO] PluginManage:310 - Check plugin thirdparty
2024-10-22 08:54:56,620 [INFO] PluginManage:359 - Loaded plugin thirdparty (category:base,tabindex:-1)
2024-10-22 08:54:56,621 [INFO] PluginManage:310 - Check plugin tools
2024-10-22 08:54:56,621 [WARN] IntegrityCheckThread:84 - waiting for thirdparty lock release [integrity check]
2024-10-22 08:54:56,621 [INFO] IntegrityCheckThread:86 - entering critical section [integrity check]
2024-10-22 08:54:56,621 [INFO] ThirdPartyUpdaterWithRetryManager:70 - Updater plugin not ready yet. [1/15]
2024-10-22 08:54:56,623 [INFO] PluginManage:359 - Loaded plugin tools (category:base,tabindex:7)
2024-10-22 08:54:56,623 [INFO] PluginManage:310 - Check plugin tutovideos
2024-10-22 08:54:56,801 [INFO] PluginManage:359 - Loaded plugin tutovideos (category:base,tabindex:-1)
2024-10-22 08:54:56,802 [INFO] PluginManage:310 - Check plugin updater
2024-10-22 08:54:56,818 [INFO] PluginManage:359 - Loaded plugin updater (category:base,tabindex:12)
2024-10-22 08:54:56,818 [INFO] PluginManage:310 - Check plugin userauth
2024-10-22 08:54:56,822 [INFO] UserAuth:113 - Init User Auth plugin
2024-10-22 08:54:56,822 [INFO] PluginManage:359 - Loaded plugin userauth (category:base,tabindex:14)
2024-10-22 08:54:56,823 [INFO] PluginManage:283 - PluginManage : Loaded plugins [18]
2024-10-22 08:54:57,009 [INFO] PinOutPanel:1561 - setPackage(No Configuration,No Configuration)
2024-10-22 08:54:57,083 [INFO] CADModel:165 - CPN selected for project level
2024-10-22 08:54:57,083 [INFO] CADModel:114 - Register for checkConnection events
2024-10-22 08:54:57,094 [INFO] IPUIPlugin:80 - create IPUIPlugin
2024-10-22 08:54:57,094 [INFO] PluginManager:220 - loadIPPluginJar : add adc
2024-10-22 08:54:57,096 [INFO] IPUIPlugin:80 - create IPUIPlugin
2024-10-22 08:54:57,096 [INFO] PluginManager:220 - loadIPPluginJar : add aes
2024-10-22 08:54:57,098 [INFO] IPUIPlugin:80 - create IPUIPlugin
2024-10-22 08:54:57,098 [INFO] PluginManager:220 - loadIPPluginJar : add can
2024-10-22 08:54:57,099 [INFO] IPUIPlugin:80 - create IPUIPlugin
2024-10-22 08:54:57,099 [INFO] PluginManager:220 - loadIPPluginJar : add comp
2024-10-22 08:54:57,100 [INFO] IPUIPlugin:80 - create IPUIPlugin
2024-10-22 08:54:57,100 [INFO] PluginManager:220 - loadIPPluginJar : add cryp
2024-10-22 08:54:57,101 [INFO] IPUIPlugin:80 - create IPUIPlugin
2024-10-22 08:54:57,101 [INFO] PluginManager:220 - loadIPPluginJar : add ddr_ctrl_phy
2024-10-22 08:54:57,102 [INFO] IPUIPlugin:80 - create IPUIPlugin
2024-10-22 08:54:57,102 [INFO] PluginManager:220 - loadIPPluginJar : add dfsdm
2024-10-22 08:54:57,106 [INFO] IPUIPlugin:80 - create IPUIPlugin
2024-10-22 08:54:57,106 [INFO] PluginManager:220 - loadIPPluginJar : add dma
2024-10-22 08:54:57,108 [INFO] IPUIPlugin:80 - create IPUIPlugin
2024-10-22 08:54:57,108 [INFO] PluginManager:220 - loadIPPluginJar : add dma3
2024-10-22 08:54:57,110 [INFO] IPUIPlugin:80 - create IPUIPlugin
2024-10-22 08:54:57,110 [INFO] PluginManager:220 - loadIPPluginJar : add extmemmanager
2024-10-22 08:54:57,110 [INFO] IPUIPlugin:80 - create IPUIPlugin
2024-10-22 08:54:57,110 [INFO] PluginManager:220 - loadIPPluginJar : add fatfs
2024-10-22 08:54:57,113 [INFO] IPUIPlugin:80 - create IPUIPlugin
2024-10-22 08:54:57,113 [INFO] PluginManager:220 - loadIPPluginJar : add fmc
2024-10-22 08:54:57,119 [INFO] IPUIPlugin:80 - create IPUIPlugin
2024-10-22 08:54:57,119 [INFO] PluginManager:220 - loadIPPluginJar : add freertos
2024-10-22 08:54:57,121 [INFO] IPUIPlugin:80 - create IPUIPlugin
2024-10-22 08:54:57,121 [INFO] PluginManager:220 - loadIPPluginJar : add genericplugin
2024-10-22 08:54:57,122 [INFO] IPUIPlugin:80 - create IPUIPlugin
2024-10-22 08:54:57,122 [INFO] PluginManager:220 - loadIPPluginJar : add gfxmmu
2024-10-22 08:54:57,126 [INFO] IPUIPlugin:80 - create IPUIPlugin
2024-10-22 08:54:57,126 [INFO] PluginManager:220 - loadIPPluginJar : add gic
2024-10-22 08:54:57,128 [INFO] IPUIPlugin:80 - create IPUIPlugin
2024-10-22 08:54:57,129 [INFO] PluginManager:220 - loadIPPluginJar : add gpio
2024-10-22 08:54:57,130 [INFO] IPUIPlugin:80 - create IPUIPlugin
2024-10-22 08:54:57,130 [INFO] PluginManager:220 - loadIPPluginJar : add gtzc
2024-10-22 08:54:57,131 [INFO] IPUIPlugin:80 - create IPUIPlugin
2024-10-22 08:54:57,132 [INFO] PluginManager:220 - loadIPPluginJar : add hash
2024-10-22 08:54:57,133 [INFO] IPUIPlugin:80 - create IPUIPlugin
2024-10-22 08:54:57,133 [INFO] PluginManager:220 - loadIPPluginJar : add i2c
2024-10-22 08:54:57,134 [INFO] IPUIPlugin:80 - create IPUIPlugin
2024-10-22 08:54:57,134 [INFO] PluginManager:220 - loadIPPluginJar : add i2s
2024-10-22 08:54:57,135 [INFO] IPUIPlugin:80 - create IPUIPlugin
2024-10-22 08:54:57,136 [INFO] PluginManager:220 - loadIPPluginJar : add i3c
2024-10-22 08:54:57,137 [INFO] IPUIPlugin:80 - create IPUIPlugin
2024-10-22 08:54:57,138 [INFO] PluginManager:220 - loadIPPluginJar : add ipddr
2024-10-22 08:54:57,143 [INFO] IPUIPlugin:80 - create IPUIPlugin
2024-10-22 08:54:57,143 [INFO] PluginManager:220 - loadIPPluginJar : add linkedlist
2024-10-22 08:54:57,145 [INFO] IPUIPlugin:80 - create IPUIPlugin
2024-10-22 08:54:57,145 [INFO] PluginManager:220 - loadIPPluginJar : add lorawan
2024-10-22 08:54:57,145 [INFO] IPUIPlugin:80 - create IPUIPlugin
2024-10-22 08:54:57,145 [INFO] PluginManager:220 - loadIPPluginJar : add ltdc
2024-10-22 08:54:57,149 [INFO] IPUIPlugin:80 - create IPUIPlugin
2024-10-22 08:54:57,149 [INFO] PluginManager:220 - loadIPPluginJar : add mdma
2024-10-22 08:54:57,151 [INFO] IPUIPlugin:80 - create IPUIPlugin
2024-10-22 08:54:57,151 [INFO] PluginManager:220 - loadIPPluginJar : add nvic
2024-10-22 08:54:57,154 [INFO] IPUIPlugin:80 - create IPUIPlugin
2024-10-22 08:54:57,154 [INFO] PluginManager:220 - loadIPPluginJar : add opamp
2024-10-22 08:54:57,155 [INFO] IPUIPlugin:80 - create IPUIPlugin
2024-10-22 08:54:57,155 [INFO] PluginManager:220 - loadIPPluginJar : add openamp
2024-10-22 08:54:57,159 [INFO] IPUIPlugin:80 - create IPUIPlugin
2024-10-22 08:54:57,159 [INFO] PluginManager:220 - loadIPPluginJar : add pdm2pcm
2024-10-22 08:54:57,163 [INFO] IPUIPlugin:80 - create IPUIPlugin
2024-10-22 08:54:57,165 [INFO] PluginManager:220 - loadIPPluginJar : add plateformsettings
2024-10-22 08:54:57,168 [INFO] IPUIPlugin:80 - create IPUIPlugin
2024-10-22 08:54:57,168 [INFO] PluginManager:220 - loadIPPluginJar : add quadspi
2024-10-22 08:54:57,169 [INFO] IPUIPlugin:80 - create IPUIPlugin
2024-10-22 08:54:57,169 [INFO] PluginManager:220 - loadIPPluginJar : add radio
2024-10-22 08:54:57,171 [INFO] IPUIPlugin:80 - create IPUIPlugin
2024-10-22 08:54:57,171 [INFO] PluginManager:220 - loadIPPluginJar : add resmgrutility
2024-10-22 08:54:57,172 [INFO] IPUIPlugin:80 - create IPUIPlugin
2024-10-22 08:54:57,172 [INFO] PluginManager:220 - loadIPPluginJar : add sai
2024-10-22 08:54:57,174 [INFO] IPUIPlugin:80 - create IPUIPlugin
2024-10-22 08:54:57,174 [INFO] PluginManager:220 - loadIPPluginJar : add spi
2024-10-22 08:54:57,177 [INFO] IPUIPlugin:80 - create IPUIPlugin
2024-10-22 08:54:57,177 [INFO] PluginManager:220 - loadIPPluginJar : add stm32_wpan
2024-10-22 08:54:57,178 [INFO] IPUIPlugin:80 - create IPUIPlugin
2024-10-22 08:54:57,178 [INFO] PluginManager:220 - loadIPPluginJar : add tim
2024-10-22 08:54:57,181 [INFO] IPUIPlugin:80 - create IPUIPlugin
2024-10-22 08:54:57,182 [INFO] PluginManager:220 - loadIPPluginJar : add touchsensing
2024-10-22 08:54:57,183 [INFO] IPUIPlugin:80 - create IPUIPlugin
2024-10-22 08:54:57,183 [INFO] PluginManager:220 - loadIPPluginJar : add tracer_emb
2024-10-22 08:54:57,184 [INFO] IPUIPlugin:80 - create IPUIPlugin
2024-10-22 08:54:57,184 [INFO] PluginManager:220 - loadIPPluginJar : add ts
2024-10-22 08:54:57,185 [INFO] IPUIPlugin:80 - create IPUIPlugin
2024-10-22 08:54:57,185 [INFO] PluginManager:220 - loadIPPluginJar : add tsc
2024-10-22 08:54:57,187 [INFO] IPUIPlugin:80 - create IPUIPlugin
2024-10-22 08:54:57,187 [INFO] PluginManager:220 - loadIPPluginJar : add ucpd
2024-10-22 08:54:57,188 [INFO] IPUIPlugin:80 - create IPUIPlugin
2024-10-22 08:54:57,188 [INFO] PluginManager:220 - loadIPPluginJar : add usart
2024-10-22 08:54:57,190 [INFO] IPUIPlugin:80 - create IPUIPlugin
2024-10-22 08:54:57,190 [INFO] PluginManager:220 - loadIPPluginJar : add usbx
2024-10-22 08:54:57,302 [INFO] CADModel:165 - CPN selected for project level
2024-10-22 08:54:57,302 [INFO] CADModel:114 - Register for checkConnection events
2024-10-22 08:54:57,303 [FATAL] Updater:334 - Updater called before beeing initialized
2024-10-22 08:54:57,303 [ERROR] CADModel:125 - Updater not yet initialized, retry later 
2024-10-22 08:54:57,437 [INFO] CADModel:165 - CPN selected for project level
2024-10-22 08:54:57,437 [INFO] CADModel:114 - Register for checkConnection events
2024-10-22 08:54:57,437 [FATAL] Updater:334 - Updater called before beeing initialized
2024-10-22 08:54:57,437 [ERROR] CADModel:125 - Updater not yet initialized, retry later 
2024-10-22 08:54:57,439 [FATAL] Updater:334 - Updater called before beeing initialized
2024-10-22 08:54:57,516 [FATAL] Updater:334 - Updater called before beeing initialized
2024-10-22 08:54:57,520 [INFO] DbMcusAds:53 - JSON generation date=Fri Sep 20 15:04:22 CEST 2024 (1726837462993)
2024-10-22 08:54:57,520 [FATAL] Updater:334 - Updater called before beeing initialized
2024-10-22 08:54:57,545 [WARN] DetailPanel:346 - Failed to get advertising image, set to default
2024-10-22 08:54:57,609 [FATAL] Updater:334 - Updater called before beeing initialized
2024-10-22 08:54:57,611 [FATAL] Updater:334 - Updater called before beeing initialized
2024-10-22 08:54:57,611 [FATAL] Updater:334 - Updater called before beeing initialized
2024-10-22 08:54:57,611 [WARN] DetailPanel:346 - Failed to get advertising image, set to default
2024-10-22 08:54:57,612 [FATAL] Updater:334 - Updater called before beeing initialized
2024-10-22 08:54:57,648 [ERROR] Updater:1164 - MainUpdater not yet initialized. External WinMGr cannot be set.
2024-10-22 08:54:57,649 [INFO] Updater:1100 - Updater Version found : 6.12.1
2024-10-22 08:54:57,663 [INFO] ApplicationProperties:184 - Using Application install path: C:\ST\STM32CubeIDE_1.16.1\STM32CubeIDE\plugins\com.st.stm32cube.common.mx_6.12.1.202409122256
2024-10-22 08:54:59,236 [ERROR] LogOutputStream:75 - [STDERR_REDIRECT] Oct 22, 2024 8:54:59 AM java.util.prefs.WindowsPreferences <init>
2024-10-22 08:54:59,240 [ERROR] LogOutputStream:75 - [STDERR_REDIRECT] WARNING: Could not open/create prefs root node Software\JavaSoft\Prefs at root 0xffffffff80000002. Windows RegCreateKeyEx(...) returned error code 5.
2024-10-22 08:54:59,240 [ERROR] LogOutputStream:75 - [STDERR_REDIRECT] 
2024-10-22 08:54:59,558 [INFO] MainUpdater:2873 - connection check result : 10
2024-10-22 08:54:59,560 [INFO] MainUpdater:290 - Updater Check For Update Now.
2024-10-22 08:54:59,561 [INFO] MicroXplorer:498 - Change Database Version : DB.6.0.121
2024-10-22 08:54:59,578 [INFO] McuFinderGlobals:63 - Set McuFinder mode to 2 (CubeIDE integrated)
2024-10-22 08:54:59,578 [INFO] UserAuth:179 - activating auth plugin
2024-10-22 08:54:59,583 [INFO] UserAuth:417 - Internet connection configuration mode: 1
2024-10-22 08:54:59,610 [INFO] JxBrowserEngine:152 - Initiate JxBrowser Engine with user profile folder
2024-10-22 08:54:59,624 [WARN] MainUpdater:1194 - Updater busy. Cannot search thirdparties
2024-10-22 08:54:59,624 [INFO] ThirdPartyUpdaterWithRetryManager:96 - Updater plugin is busy. [1/15]
2024-10-22 08:54:59,759 [INFO] CheckServerUpdateThread:120 - End of CheckServer Thread
2024-10-22 08:55:00,191 [INFO] WebApp:167 - Instantiating new browser for Auth
2024-10-22 08:55:00,762 [INFO] WebApp:448 - Apply proxy settings
2024-10-22 08:55:00,763 [INFO] WebApp:533 - Chromium requires no authentication
2024-10-22 08:55:00,770 [INFO] WebApp:476 - Direct internet connection detected
2024-10-22 08:55:00,795 [INFO] WebApp:869 - Register for checkConnection events
2024-10-22 08:55:00,795 [INFO] WebApp:448 - Apply proxy settings
2024-10-22 08:55:00,795 [INFO] WebApp:533 - Chromium requires no authentication
2024-10-22 08:55:00,796 [INFO] WebApp:476 - Direct internet connection detected
2024-10-22 08:55:00,933 [INFO] WebApp:220 - Starting web application
2024-10-22 08:55:00,933 [INFO] WebApp:578 - Web application path used C:\ST\STM32CubeIDE_1.16.1\STM32CubeIDE\plugins\com.st.stm32cube.common.mx_6.12.1.202409122256\db\plugins\mcufinder\reactClient1\index.html
2024-10-22 08:55:01,104 [INFO] WebApp:186 - Connection restablished
2024-10-22 08:55:02,749 [WARN] PackLoader:240 - Cannot read IP mode file for STMicroelectronics.FP-SNS-MOTENVWB1.1.4.0
2024-10-22 08:55:02,757 [WARN] PackLoader:240 - Cannot read IP mode file for STMicroelectronics.X-CUBE-SMBUS.2.1.0
2024-10-22 08:55:02,765 [WARN] PackLoader:240 - Cannot read IP mode file for STMicroelectronics.X-CUBE-WB05N.1.1.0
2024-10-22 08:55:02,793 [WARN] PackLoader:240 - Cannot read IP mode file for STMicroelectronics.X-CUBE-AZRTOS-F7.1.1.0
2024-10-22 08:55:02,868 [WARN] PackLoader:240 - Cannot read IP mode file for STMicroelectronics.X-CUBE-MEMS1.11.0.0
2024-10-22 08:55:02,988 [WARN] PackLoader:240 - Cannot read IP mode file for STMicroelectronics.FP-SNS-FLIGHT1.5.0.2
2024-10-22 08:55:02,995 [WARN] PackLoader:240 - Cannot read IP mode file for STMicroelectronics.X-CUBE-DISPLAY.3.0.0
2024-10-22 08:55:03,002 [WARN] PackLoader:240 - Cannot read IP mode file for STMicroelectronics.X-CUBE-BLE1.7.0.0
2024-10-22 08:55:03,007 [WARN] PackLoader:240 - Cannot read IP mode file for STMicroelectronics.X-CUBE-NFC10.1.0.0
2024-10-22 08:55:03,015 [WARN] PackLoader:240 - Cannot read IP mode file for emotas.I-CUBE-CANOPEN.1.3.0
2024-10-22 08:55:03,022 [WARN] PackLoader:240 - Cannot read IP mode file for STMicroelectronics.X-CUBE-BLEMGR.3.1.0
2024-10-22 08:55:03,028 [WARN] PackLoader:240 - Cannot read IP mode file for STMicroelectronics.FP-SNS-SMARTAG2.1.2.0
2024-10-22 08:55:03,036 [INFO] LogOutputStream:77 - [STDOUT_REDIRECT] 1 : Invalid condition id : UX_CORESTACK_Condition cause : null
2024-10-22 08:55:03,037 [INFO] LogOutputStream:77 - [STDOUT_REDIRECT] 1 : Invalid condition id : UX_CORESTACK_Condition cause : null
2024-10-22 08:55:03,037 [INFO] LogOutputStream:77 - [STDOUT_REDIRECT] 1 : Invalid condition id : UX_CORESTACK_Condition cause : null
2024-10-22 08:55:03,038 [INFO] LogOutputStream:77 - [STDOUT_REDIRECT] 1 : Invalid condition id : UX_CORESTACK_Condition cause : null
2024-10-22 08:55:03,039 [INFO] LogOutputStream:77 - [STDOUT_REDIRECT] 1 : Invalid condition id : UX_CORESTACK_Condition cause : null
2024-10-22 08:55:03,041 [WARN] PackLoader:240 - Cannot read IP mode file for STMicroelectronics.X-CUBE-AZRTOS-WL.2.0.0
2024-10-22 08:55:03,045 [WARN] PackLoader:240 - Cannot read IP mode file for STMicroelectronics.FP-SNS-MOTENV1.5.0.0
2024-10-22 08:55:03,049 [WARN] PackLoader:240 - Cannot read IP mode file for wolfSSL.I-CUBE-wolfMQTT.1.19.0
2024-10-22 08:55:03,056 [WARN] PackLoader:240 - Cannot read IP mode file for WES.I-CUBE-Cesium.1.3.0
2024-10-22 08:55:03,060 [WARN] PackLoader:240 - Cannot read IP mode file for STMicroelectronics.X-CUBE-BLE2.3.3.0
2024-10-22 08:55:03,066 [WARN] PackLoader:240 - Cannot read IP mode file for STMicroelectronics.X-CUBE-NFC9.1.0.0
2024-10-22 08:55:03,073 [WARN] PackLoader:240 - Cannot read IP mode file for STMicroelectronics.X-CUBE-TCPP.4.1.0
2024-10-22 08:55:03,097 [WARN] PackLoader:240 - Cannot read IP mode file for STMicroelectronics.X-CUBE-AZRTOS-G0.1.1.0
2024-10-22 08:55:03,103 [WARN] PackLoader:240 - Cannot read IP mode file for STMicroelectronics.X-CUBE-SAFEA1.1.2.2
2024-10-22 08:55:03,107 [WARN] PackLoader:240 - Cannot read IP mode file for STMicroelectronics.X-CUBE-NFC4.3.0.0
2024-10-22 08:55:03,113 [WARN] PackLoader:240 - Cannot read IP mode file for EmbeddedOffice.I-CUBE-FS-RTOS.1.0.1
2024-10-22 08:55:03,114 [ERROR] ConditionMgr:805 - Attr not supported : Dmpu
2024-10-22 08:55:03,114 [ERROR] ConditionMgr:805 - Attr not supported : Dmpu
2024-10-22 08:55:03,114 [ERROR] ConditionMgr:805 - Attr not supported : Dmpu
2024-10-22 08:55:03,114 [ERROR] ConditionMgr:805 - Attr not supported : Dmpu
2024-10-22 08:55:03,114 [ERROR] ConditionMgr:805 - Attr not supported : Dmpu
2024-10-22 08:55:03,114 [ERROR] ConditionMgr:805 - Attr not supported : Dmpu
2024-10-22 08:55:03,114 [ERROR] ConditionMgr:805 - Attr not supported : Dmpu
2024-10-22 08:55:03,114 [ERROR] ConditionMgr:805 - Attr not supported : Dmpu
2024-10-22 08:55:03,114 [ERROR] ConditionMgr:805 - Attr not supported : Dmpu
2024-10-22 08:55:03,114 [ERROR] ConditionMgr:805 - Attr not supported : Dmpu
2024-10-22 08:55:03,114 [ERROR] ConditionMgr:805 - Attr not supported : Dmpu
2024-10-22 08:55:03,114 [ERROR] ConditionMgr:805 - Attr not supported : Dmpu
2024-10-22 08:55:03,114 [ERROR] ConditionMgr:805 - Attr not supported : Dmpu
2024-10-22 08:55:03,114 [ERROR] ConditionMgr:805 - Attr not supported : Dmpu
2024-10-22 08:55:03,114 [ERROR] ConditionMgr:805 - Attr not supported : Dmpu
2024-10-22 08:55:03,114 [ERROR] ConditionMgr:805 - Attr not supported : Dmpu
2024-10-22 08:55:03,114 [ERROR] ConditionMgr:805 - Attr not supported : Dmpu
2024-10-22 08:55:03,114 [ERROR] ConditionMgr:805 - Attr not supported : Dmpu
2024-10-22 08:55:03,114 [ERROR] ConditionMgr:805 - Attr not supported : Dmpu
2024-10-22 08:55:03,114 [ERROR] ConditionMgr:805 - Attr not supported : Dmpu
2024-10-22 08:55:03,114 [ERROR] ConditionMgr:805 - Attr not supported : Dmpu
2024-10-22 08:55:03,114 [ERROR] ConditionMgr:805 - Attr not supported : Dmpu
2024-10-22 08:55:03,114 [ERROR] ConditionMgr:805 - Attr not supported : Dmpu
2024-10-22 08:55:03,114 [ERROR] ConditionMgr:805 - Attr not supported : Dmpu
2024-10-22 08:55:03,114 [ERROR] ConditionMgr:805 - Attr not supported : Dmpu
2024-10-22 08:55:03,114 [ERROR] ConditionMgr:805 - Attr not supported : Dmpu
2024-10-22 08:55:03,114 [ERROR] ConditionMgr:805 - Attr not supported : Dmpu
2024-10-22 08:55:03,114 [ERROR] ConditionMgr:805 - Attr not supported : Dmpu
2024-10-22 08:55:03,114 [ERROR] ConditionMgr:805 - Attr not supported : Dmpu
2024-10-22 08:55:03,114 [ERROR] ConditionMgr:805 - Attr not supported : Dmpu
2024-10-22 08:55:03,116 [ERROR] ConditionMgr:805 - Attr not supported : Dmpu
2024-10-22 08:55:03,116 [ERROR] ConditionMgr:805 - Attr not supported : Dmpu
2024-10-22 08:55:03,116 [ERROR] ConditionMgr:805 - Attr not supported : Dmpu
2024-10-22 08:55:03,116 [ERROR] ConditionMgr:805 - Attr not supported : Dmpu
2024-10-22 08:55:03,116 [ERROR] ConditionMgr:805 - Attr not supported : Dmpu
2024-10-22 08:55:03,116 [ERROR] ConditionMgr:805 - Attr not supported : Dmpu
2024-10-22 08:55:03,116 [ERROR] ConditionMgr:805 - Attr not supported : Dmpu
2024-10-22 08:55:03,116 [ERROR] ConditionMgr:805 - Attr not supported : Dmpu
2024-10-22 08:55:03,116 [ERROR] ConditionMgr:805 - Attr not supported : Dmpu
2024-10-22 08:55:03,116 [ERROR] ConditionMgr:805 - Attr not supported : Dmpu
2024-10-22 08:55:03,116 [ERROR] ConditionMgr:805 - Attr not supported : Dmpu
2024-10-22 08:55:03,116 [ERROR] ConditionMgr:805 - Attr not supported : Dmpu
2024-10-22 08:55:03,116 [ERROR] ConditionMgr:805 - Attr not supported : Dmpu
2024-10-22 08:55:03,116 [ERROR] ConditionMgr:805 - Attr not supported : Dmpu
2024-10-22 08:55:03,116 [ERROR] ConditionMgr:805 - Attr not supported : Dmpu
2024-10-22 08:55:03,116 [ERROR] ConditionMgr:805 - Attr not supported : Dmpu
2024-10-22 08:55:03,116 [ERROR] ConditionMgr:805 - Attr not supported : Dmpu
2024-10-22 08:55:03,116 [ERROR] ConditionMgr:805 - Attr not supported : Dmpu
2024-10-22 08:55:03,116 [ERROR] ConditionMgr:805 - Attr not supported : Dmpu
2024-10-22 08:55:03,116 [ERROR] ConditionMgr:805 - Attr not supported : Dmpu
2024-10-22 08:55:03,116 [ERROR] ConditionMgr:805 - Attr not supported : Dmpu
2024-10-22 08:55:03,116 [ERROR] ConditionMgr:805 - Attr not supported : Dmpu
2024-10-22 08:55:03,116 [ERROR] ConditionMgr:805 - Attr not supported : Dmpu
2024-10-22 08:55:03,116 [ERROR] ConditionMgr:805 - Attr not supported : Dmpu
2024-10-22 08:55:03,116 [ERROR] ConditionMgr:805 - Attr not supported : Dmpu
2024-10-22 08:55:03,116 [ERROR] ConditionMgr:805 - Attr not supported : Dmpu
2024-10-22 08:55:03,116 [ERROR] ConditionMgr:805 - Attr not supported : Dmpu
2024-10-22 08:55:03,116 [ERROR] ConditionMgr:805 - Attr not supported : Dmpu
2024-10-22 08:55:03,116 [ERROR] ConditionMgr:805 - Attr not supported : Dmpu
2024-10-22 08:55:03,116 [ERROR] ConditionMgr:805 - Attr not supported : Dmpu
2024-10-22 08:55:03,116 [ERROR] ConditionMgr:805 - Attr not supported : Dmpu
2024-10-22 08:55:03,116 [ERROR] ConditionMgr:805 - Attr not supported : Dmpu
2024-10-22 08:55:03,116 [ERROR] ConditionMgr:805 - Attr not supported : Dmpu
2024-10-22 08:55:03,117 [ERROR] ConditionMgr:805 - Attr not supported : Dmpu
2024-10-22 08:55:03,119 [WARN] PackLoader:240 - Cannot read IP mode file for RealThread.X-CUBE-RT-Thread_Nano.4.1.1
2024-10-22 08:55:03,121 [WARN] PackLoader:240 - Cannot read IP mode file for STMicroelectronics.FP-ATR-SIGFOX1.3.2.0
2024-10-22 08:55:03,125 [WARN] PackLoader:240 - Cannot read IP mode file for wolfSSL.I-CUBE-wolfSSL.5.7.2
2024-10-22 08:55:03,130 [WARN] PackLoader:240 - Cannot read IP mode file for STMicroelectronics.X-CUBE-EEPRMA1.5.1.0
2024-10-22 08:55:03,136 [WARN] PackLoader:240 - Cannot read IP mode file for ITTIA_DB.I-CUBE-ITTIADB.8.9.0
2024-10-22 08:55:03,160 [WARN] PackLoader:240 - Cannot read IP mode file for SEGGER.I-CUBE-embOS.1.3.1
2024-10-22 08:55:03,195 [WARN] PackLoader:240 - Cannot read IP mode file for STMicroelectronics.X-CUBE-ALGOBUILD.1.4.0
2024-10-22 08:55:03,198 [WARN] PackLoader:240 - Cannot read IP mode file for STMicroelectronics.X-CUBE-AI.9.1.0
2024-10-22 08:55:03,209 [WARN] PackLoader:240 - Cannot read IP mode file for STMicroelectronics.X-CUBE-AZRTOS-F4.1.1.0
2024-10-22 08:55:03,213 [WARN] PackLoader:240 - Cannot read IP mode file for STMicroelectronics.X-CUBE-ISPU.2.1.0
2024-10-22 08:55:03,217 [WARN] PackLoader:240 - Cannot read IP mode file for STMicroelectronics.X-CUBE-FREERTOS.1.2.0
2024-10-22 08:55:03,229 [WARN] PackLoader:240 - Cannot read IP mode file for STMicroelectronics.X-CUBE-AZRTOS-L5.2.0.0
2024-10-22 08:55:03,235 [WARN] PackLoader:240 - Cannot read IP mode file for STMicroelectronics.X-CUBE-NFC6.3.1.0
2024-10-22 08:55:03,240 [WARN] PackLoader:240 - Cannot read IP mode file for STMicroelectronics.X-CUBE-DPower.1.2.0
2024-10-22 08:55:03,245 [WARN] PackLoader:240 - Cannot read IP mode file for STMicroelectronics.X-CUBE-NFC7.1.0.1
2024-10-22 08:55:03,256 [WARN] ConditionMgr:438 - getConditionDescription Invalid condition id : LAN8742 Phy interface Condition cause : null
2024-10-22 08:55:03,257 [WARN] PackLoader:240 - Cannot read IP mode file for STMicroelectronics.X-CUBE-AZRTOS-L4.2.0.0
2024-10-22 08:55:03,258 [WARN] ConditionMgr:1039 - genDependencies : Invalid condition id : LAN8742 Phy interface Condition cause : null
2024-10-22 08:55:03,259 [WARN] ConditionMgr:1039 - genDependencies : Invalid condition id : LAN8742 Phy interface Condition cause : null
2024-10-22 08:55:03,259 [WARN] ConditionMgr:1039 - genDependencies : Invalid condition id : LAN8742 Phy interface Condition cause : null
2024-10-22 08:55:03,265 [WARN] PackLoader:240 - Cannot read IP mode file for STMicroelectronics.X-CUBE-SFXS2LP1.4.0.0
2024-10-22 08:55:03,281 [WARN] PackLoader:240 - Cannot read IP mode file for STMicroelectronics.X-CUBE-AZRTOS-H7.3.3.0
2024-10-22 08:55:03,292 [WARN] PackLoader:240 - Cannot read IP mode file for STMicroelectronics.X-CUBE-IPS.3.0.0
2024-10-22 08:55:03,308 [WARN] ConditionMgr:438 - getConditionDescription Invalid condition id : UX DEVICE CLASS RTOS Condition cause : null
2024-10-22 08:55:03,308 [WARN] ConditionMgr:438 - getConditionDescription Invalid condition id : UX DEVICE CLASS RTOS Condition cause : null
2024-10-22 08:55:03,310 [WARN] PackLoader:240 - Cannot read IP mode file for STMicroelectronics.X-CUBE-AZRTOS-WB.2.0.0
2024-10-22 08:55:03,311 [WARN] ConditionMgr:1039 - genDependencies : Invalid condition id : UX DEVICE CLASS RTOS Condition cause : null
2024-10-22 08:55:03,311 [WARN] ConditionMgr:1039 - genDependencies : Invalid condition id : UX DEVICE CLASS RTOS Condition cause : null
2024-10-22 08:55:03,311 [WARN] ConditionMgr:1039 - genDependencies : Invalid condition id : UX DEVICE CLASS RTOS Condition cause : null
2024-10-22 08:55:03,311 [WARN] ConditionMgr:1039 - genDependencies : Invalid condition id : UX DEVICE CLASS RTOS Condition cause : null
2024-10-22 08:55:03,311 [WARN] ConditionMgr:1039 - genDependencies : Invalid condition id : UX DEVICE CLASS RTOS Condition cause : null
2024-10-22 08:55:03,317 [WARN] PackLoader:240 - Cannot read IP mode file for STMicroelectronics.X-CUBE-GNSS1.7.0.0
2024-10-22 08:55:03,322 [WARN] PackLoader:240 - Cannot read IP mode file for STMicroelectronics.FP-SNS-STBOX1.2.0.0
2024-10-22 08:55:03,333 [WARN] PackLoader:240 - Cannot read IP mode file for STMicroelectronics.X-CUBE-SUBG2.5.0.0
2024-10-22 08:55:03,337 [WARN] PackLoader:240 - Cannot read IP mode file for Cesanta.I-CUBE-Mongoose.7.13.0
2024-10-22 08:55:03,347 [WARN] PackLoader:240 - Cannot read IP mode file for STMicroelectronics.X-CUBE-AZRTOS-G4.2.0.0
2024-10-22 08:55:03,351 [WARN] PackLoader:240 - Cannot read IP mode file for STMicroelectronics.X-CUBE-ALS.1.0.2
2024-10-22 08:55:03,355 [WARN] PackLoader:240 - Cannot read IP mode file for STMicroelectronics.X-CUBE-TOUCHGFX.4.24.1
2024-10-22 08:55:03,357 [WARN] PackLoader:240 - Cannot read IP mode file for wolfSSL.I-CUBE-wolfTPM.3.4.0
2024-10-22 08:55:03,361 [WARN] PackLoader:240 - Cannot read IP mode file for portGmbH.I-Cube-SoM-uGOAL.1.1.0
2024-10-22 08:55:03,378 [WARN] PackLoader:240 - Cannot read IP mode file for STMicroelectronics.X-CUBE-AZRTOS-H7RS.1.0.0
2024-10-22 08:55:03,382 [WARN] PackLoader:240 - Cannot read IP mode file for STMicroelectronics.FP-ATR-ASTRA1.2.0.0
2024-10-22 08:55:03,390 [WARN] PackLoader:240 - Cannot read IP mode file for STMicroelectronics.X-CUBE-TOF1.3.4.2
2024-10-22 08:55:03,420 [WARN] PackLoader:240 - Cannot read IP mode file for Infineon.AIROC-Wi-Fi-Bluetooth-STM32.1.6.1
2024-10-22 08:55:03,428 [WARN] PackLoader:240 - Cannot read IP mode file for wolfSSL.I-CUBE-wolfSSH.1.4.17
2024-10-22 08:55:03,429 [INFO] ThirdParty:978 - Integrity check success = true
2024-10-22 08:55:03,429 [INFO] IntegrityCheckThread:100 - exiting critical section [integrity check]
2024-10-22 08:55:03,429 [INFO] IntegrityCheckThread:103 - End integrity checks thread
